<!DOCTYPE HTML PUBLIC "-//W3C//DTD HTML 4.01//EN" "http://www.w3.org/TR/html4/strict.dtd">
<html>
<head>
<meta http-equiv="Content-Type" content="text/html; charset=utf-8"/>
<title>Test results - Class com.nutricampus.app.acceptance.ProducaoDeLeiteEdicaoAcceptanceTest</title>
<link href="css/base-style.css" rel="stylesheet" type="text/css"/>
<link href="css/style.css" rel="stylesheet" type="text/css"/>
<script src="js/report.js" type="text/javascript"></script>
</head>
<body>
<div id="content">
<h1>Class com.nutricampus.app.acceptance.ProducaoDeLeiteEdicaoAcceptanceTest</h1>
<div class="breadcrumbs">
<a href="index.html">all</a> &gt; 
<a href="com.nutricampus.app.acceptance.html">com.nutricampus.app.acceptance</a> &gt; ProducaoDeLeiteEdicaoAcceptanceTest</div>
<div id="summary">
<table>
<tr>
<td>
<div class="summaryGroup">
<table>
<tr>
<td>
<div class="infoBox" id="tests">
<div class="counter">3</div>
<p>tests</p>
</div>
</td>
<td>
<div class="infoBox" id="failures">
<div class="counter">3</div>
<p>failures</p>
</div>
</td>
<td>
<div class="infoBox" id="duration">
<div class="counter">1m27.66s</div>
<p>duration</p>
</div>
</td>
</tr>
</table>
</div>
</td>
<td>
<div class="infoBox failures" id="successRate">
<div class="percent">0%</div>
<p>successful</p>
</div>
</td>
</tr>
</table>
</div>
<div id="tabs">
<ul class="tabLinks">
<li>
<a href="#tab0">Failed tests</a>
</li>
<li>
<a href="#tab1">Tests</a>
</li>
</ul>
<div id="tab0" class="tab">
<h2>Failed tests</h2>
<div class="test">
<a name="producaoDeLeiteEdicaoTA1"></a>
<h3 class="failures">producaoDeLeiteEdicaoTA1</h3>
<span class="code">
<pre>android.support.test.espresso.PerformException: Error performing 'single click - At Coordinates: 139, 583 and precision: 16, 16' on view '(with id: com.nutricampus.app:id/btn_salvar_producao and with text: is &quot;Atualizar&quot;)'.
at android.support.test.espresso.PerformException$Builder.build(PerformException.java:83)
at android.support.test.espresso.base.DefaultFailureHandler.getUserFriendlyError(DefaultFailureHandler.java:80)
at android.support.test.espresso.base.DefaultFailureHandler.handle(DefaultFailureHandler.java:56)
at android.support.test.espresso.ViewInteraction.runSynchronouslyOnUiThread(ViewInteraction.java:184)
at android.support.test.espresso.ViewInteraction.doPerform(ViewInteraction.java:115)
at android.support.test.espresso.ViewInteraction.perform(ViewInteraction.java:87)
at com.nutricampus.app.acceptance.ProducaoDeLeiteEdicaoAcceptanceTest.producaoDeLeiteEdicaoTA1(ProducaoDeLeiteEdicaoAcceptanceTest.java:242)
at java.lang.reflect.Method.invokeNative(Native Method)
at java.lang.reflect.Method.invoke(Method.java:515)
at org.junit.runners.model.FrameworkMethod$1.runReflectiveCall(FrameworkMethod.java:50)
at org.junit.internal.runners.model.ReflectiveCallable.run(ReflectiveCallable.java:12)
at org.junit.runners.model.FrameworkMethod.invokeExplosively(FrameworkMethod.java:47)
at org.junit.internal.runners.statements.InvokeMethod.evaluate(InvokeMethod.java:17)
at org.junit.internal.runners.statements.RunBefores.evaluate(RunBefores.java:26)
at android.support.test.internal.statement.UiThreadStatement.evaluate(UiThreadStatement.java:55)
at android.support.test.rule.ActivityTestRule$ActivityStatement.evaluate(ActivityTestRule.java:270)
at org.junit.rules.RunRules.evaluate(RunRules.java:20)
at org.junit.runners.ParentRunner.runLeaf(ParentRunner.java:325)
at org.junit.runners.BlockJUnit4ClassRunner.runChild(BlockJUnit4ClassRunner.java:78)
at org.junit.runners.BlockJUnit4ClassRunner.runChild(BlockJUnit4ClassRunner.java:57)
at org.junit.runners.ParentRunner$3.run(ParentRunner.java:290)
at org.junit.runners.ParentRunner$1.schedule(ParentRunner.java:71)
at org.junit.runners.ParentRunner.runChildren(ParentRunner.java:288)
at org.junit.runners.ParentRunner.access$000(ParentRunner.java:58)
at org.junit.runners.ParentRunner$2.evaluate(ParentRunner.java:268)
at org.junit.runners.ParentRunner.run(ParentRunner.java:363)
at org.junit.runners.Suite.runChild(Suite.java:128)
at org.junit.runners.Suite.runChild(Suite.java:27)
at org.junit.runners.ParentRunner$3.run(ParentRunner.java:290)
at org.junit.runners.ParentRunner$1.schedule(ParentRunner.java:71)
at org.junit.runners.ParentRunner.runChildren(ParentRunner.java:288)
at org.junit.runners.ParentRunner.access$000(ParentRunner.java:58)
at org.junit.runners.ParentRunner$2.evaluate(ParentRunner.java:268)
at org.junit.runners.ParentRunner.run(ParentRunner.java:363)
at org.junit.runner.JUnitCore.run(JUnitCore.java:137)
at org.junit.runner.JUnitCore.run(JUnitCore.java:115)
at android.support.test.internal.runner.TestExecutor.execute(TestExecutor.java:59)
at android.support.test.runner.AndroidJUnitRunner.onStart(AndroidJUnitRunner.java:262)
at android.app.Instrumentation$InstrumentationThread.run(Instrumentation.java:1701)
Caused by: java.lang.IllegalStateException: Could not find a method salvar(View) in the activity class android.support.v7.widget.TintContextWrapper for onClick handler on view class android.support.v7.widget.AppCompatButton with id 'btn_salvar_producao'
at android.view.View$1.onClick(View.java:3810)
at android.view.View.performClick(View.java:4438)
at android.view.View$PerformClick.run(View.java:18422)
at android.os.Handler.handleCallback(Handler.java:733)
at android.os.Handler.dispatchMessage(Handler.java:95)
at android.support.test.espresso.base.UiControllerImpl.loopUntil(UiControllerImpl.java:470)
at android.support.test.espresso.base.UiControllerImpl.loopUntil(UiControllerImpl.java:411)
at android.support.test.espresso.base.UiControllerImpl.injectMotionEvent(UiControllerImpl.java:229)
at android.support.test.espresso.action.MotionEvents.sendUp(MotionEvents.java:138)
at android.support.test.espresso.action.MotionEvents.sendUp(MotionEvents.java:118)
at android.support.test.espresso.action.Tap.sendSingleTap(Tap.java:135)
at android.support.test.espresso.action.Tap.access$100(Tap.java:35)
at android.support.test.espresso.action.Tap$1.sendTap(Tap.java:40)
at android.support.test.espresso.action.GeneralClickAction.perform(GeneralClickAction.java:98)
at android.support.test.espresso.ViewInteraction$1.run(ViewInteraction.java:144)
at java.util.concurrent.Executors$RunnableAdapter.call(Executors.java:422)
at java.util.concurrent.FutureTask.run(FutureTask.java:237)
at android.os.Handler.handleCallback(Handler.java:733)
at android.os.Handler.dispatchMessage(Handler.java:95)
at android.os.Looper.loop(Looper.java:136)
at android.app.ActivityThread.main(ActivityThread.java:5017)
at java.lang.reflect.Method.invokeNative(Native Method)
at java.lang.reflect.Method.invoke(Method.java:515)
at com.android.internal.os.ZygoteInit$MethodAndArgsCaller.run(ZygoteInit.java:779)
at com.android.internal.os.ZygoteInit.main(ZygoteInit.java:595)
at dalvik.system.NativeStart.main(Native Method)
Caused by: java.lang.NoSuchMethodException: salvar [class android.view.View]
at java.lang.Class.getConstructorOrMethod(Class.java:472)
at java.lang.Class.getMethod(Class.java:857)
at android.view.View$1.onClick(View.java:3803)
... 25 more
</pre>
</span>
</div>
<div class="test">
<a name="producaoDeLeiteEdicaoTA2"></a>
<h3 class="failures">producaoDeLeiteEdicaoTA2</h3>
<span class="code">
<pre>android.support.test.espresso.PerformException: Error performing 'single click - At Coordinates: 139, 583 and precision: 16, 16' on view '(with id: com.nutricampus.app:id/btn_salvar_producao and with text: is &quot;Atualizar&quot;)'.
at android.support.test.espresso.PerformException$Builder.build(PerformException.java:83)
at android.support.test.espresso.base.DefaultFailureHandler.getUserFriendlyError(DefaultFailureHandler.java:80)
at android.support.test.espresso.base.DefaultFailureHandler.handle(DefaultFailureHandler.java:56)
at android.support.test.espresso.ViewInteraction.runSynchronouslyOnUiThread(ViewInteraction.java:184)
at android.support.test.espresso.ViewInteraction.doPerform(ViewInteraction.java:115)
at android.support.test.espresso.ViewInteraction.perform(ViewInteraction.java:87)
at com.nutricampus.app.acceptance.ProducaoDeLeiteEdicaoAcceptanceTest.producaoDeLeiteEdicaoTA2(ProducaoDeLeiteEdicaoAcceptanceTest.java:336)
at java.lang.reflect.Method.invokeNative(Native Method)
at java.lang.reflect.Method.invoke(Method.java:515)
at org.junit.runners.model.FrameworkMethod$1.runReflectiveCall(FrameworkMethod.java:50)
at org.junit.internal.runners.model.ReflectiveCallable.run(ReflectiveCallable.java:12)
at org.junit.runners.model.FrameworkMethod.invokeExplosively(FrameworkMethod.java:47)
at org.junit.internal.runners.statements.InvokeMethod.evaluate(InvokeMethod.java:17)
at org.junit.internal.runners.statements.RunBefores.evaluate(RunBefores.java:26)
at android.support.test.internal.statement.UiThreadStatement.evaluate(UiThreadStatement.java:55)
at android.support.test.rule.ActivityTestRule$ActivityStatement.evaluate(ActivityTestRule.java:270)
at org.junit.rules.RunRules.evaluate(RunRules.java:20)
at org.junit.runners.ParentRunner.runLeaf(ParentRunner.java:325)
at org.junit.runners.BlockJUnit4ClassRunner.runChild(BlockJUnit4ClassRunner.java:78)
at org.junit.runners.BlockJUnit4ClassRunner.runChild(BlockJUnit4ClassRunner.java:57)
at org.junit.runners.ParentRunner$3.run(ParentRunner.java:290)
at org.junit.runners.ParentRunner$1.schedule(ParentRunner.java:71)
at org.junit.runners.ParentRunner.runChildren(ParentRunner.java:288)
at org.junit.runners.ParentRunner.access$000(ParentRunner.java:58)
at org.junit.runners.ParentRunner$2.evaluate(ParentRunner.java:268)
at org.junit.runners.ParentRunner.run(ParentRunner.java:363)
at org.junit.runners.Suite.runChild(Suite.java:128)
at org.junit.runners.Suite.runChild(Suite.java:27)
at org.junit.runners.ParentRunner$3.run(ParentRunner.java:290)
at org.junit.runners.ParentRunner$1.schedule(ParentRunner.java:71)
at org.junit.runners.ParentRunner.runChildren(ParentRunner.java:288)
at org.junit.runners.ParentRunner.access$000(ParentRunner.java:58)
at org.junit.runners.ParentRunner$2.evaluate(ParentRunner.java:268)
at org.junit.runners.ParentRunner.run(ParentRunner.java:363)
at org.junit.runner.JUnitCore.run(JUnitCore.java:137)
at org.junit.runner.JUnitCore.run(JUnitCore.java:115)
at android.support.test.internal.runner.TestExecutor.execute(TestExecutor.java:59)
at android.support.test.runner.AndroidJUnitRunner.onStart(AndroidJUnitRunner.java:262)
at android.app.Instrumentation$InstrumentationThread.run(Instrumentation.java:1701)
Caused by: java.lang.IllegalStateException: Could not find a method salvar(View) in the activity class android.support.v7.widget.TintContextWrapper for onClick handler on view class android.support.v7.widget.AppCompatButton with id 'btn_salvar_producao'
at android.view.View$1.onClick(View.java:3810)
at android.view.View.performClick(View.java:4438)
at android.view.View$PerformClick.run(View.java:18422)
at android.os.Handler.handleCallback(Handler.java:733)
at android.os.Handler.dispatchMessage(Handler.java:95)
at android.support.test.espresso.base.UiControllerImpl.loopUntil(UiControllerImpl.java:470)
at android.support.test.espresso.base.UiControllerImpl.loopUntil(UiControllerImpl.java:411)
at android.support.test.espresso.base.UiControllerImpl.injectMotionEvent(UiControllerImpl.java:229)
at android.support.test.espresso.action.MotionEvents.sendUp(MotionEvents.java:138)
at android.support.test.espresso.action.MotionEvents.sendUp(MotionEvents.java:118)
at android.support.test.espresso.action.Tap.sendSingleTap(Tap.java:135)
at android.support.test.espresso.action.Tap.access$100(Tap.java:35)
at android.support.test.espresso.action.Tap$1.sendTap(Tap.java:40)
at android.support.test.espresso.action.GeneralClickAction.perform(GeneralClickAction.java:98)
at android.support.test.espresso.ViewInteraction$1.run(ViewInteraction.java:144)
at java.util.concurrent.Executors$RunnableAdapter.call(Executors.java:422)
at java.util.concurrent.FutureTask.run(FutureTask.java:237)
at android.os.Handler.handleCallback(Handler.java:733)
at android.os.Handler.dispatchMessage(Handler.java:95)
at android.os.Looper.loop(Looper.java:136)
at android.app.ActivityThread.main(ActivityThread.java:5017)
at java.lang.reflect.Method.invokeNative(Native Method)
at java.lang.reflect.Method.invoke(Method.java:515)
at com.android.internal.os.ZygoteInit$MethodAndArgsCaller.run(ZygoteInit.java:779)
at com.android.internal.os.ZygoteInit.main(ZygoteInit.java:595)
at dalvik.system.NativeStart.main(Native Method)
Caused by: java.lang.NoSuchMethodException: salvar [class android.view.View]
at java.lang.Class.getConstructorOrMethod(Class.java:472)
at java.lang.Class.getMethod(Class.java:857)
at android.view.View$1.onClick(View.java:3803)
... 25 more
</pre>
</span>
</div>
<div class="test">
<a name="producaoDeLeiteEdicaoTA3"></a>
<h3 class="failures">producaoDeLeiteEdicaoTA3</h3>
<span class="code">
<pre>android.support.test.espresso.PerformException: Error performing 'single click - At Coordinates: 139, 583 and precision: 16, 16' on view '(with id: com.nutricampus.app:id/btn_salvar_producao and with text: is &quot;Atualizar&quot;)'.
at android.support.test.espresso.PerformException$Builder.build(PerformException.java:83)
at android.support.test.espresso.base.DefaultFailureHandler.getUserFriendlyError(DefaultFailureHandler.java:80)
at android.support.test.espresso.base.DefaultFailureHandler.handle(DefaultFailureHandler.java:56)
at android.support.test.espresso.ViewInteraction.runSynchronouslyOnUiThread(ViewInteraction.java:184)
at android.support.test.espresso.ViewInteraction.doPerform(ViewInteraction.java:115)
at android.support.test.espresso.ViewInteraction.perform(ViewInteraction.java:87)
at com.nutricampus.app.acceptance.ProducaoDeLeiteEdicaoAcceptanceTest.producaoDeLeiteEdicaoTA3(ProducaoDeLeiteEdicaoAcceptanceTest.java:450)
at java.lang.reflect.Method.invokeNative(Native Method)
at java.lang.reflect.Method.invoke(Method.java:515)
at org.junit.runners.model.FrameworkMethod$1.runReflectiveCall(FrameworkMethod.java:50)
at org.junit.internal.runners.model.ReflectiveCallable.run(ReflectiveCallable.java:12)
at org.junit.runners.model.FrameworkMethod.invokeExplosively(FrameworkMethod.java:47)
at org.junit.internal.runners.statements.InvokeMethod.evaluate(InvokeMethod.java:17)
at org.junit.internal.runners.statements.RunBefores.evaluate(RunBefores.java:26)
at android.support.test.internal.statement.UiThreadStatement.evaluate(UiThreadStatement.java:55)
at android.support.test.rule.ActivityTestRule$ActivityStatement.evaluate(ActivityTestRule.java:270)
at org.junit.rules.RunRules.evaluate(RunRules.java:20)
at org.junit.runners.ParentRunner.runLeaf(ParentRunner.java:325)
at org.junit.runners.BlockJUnit4ClassRunner.runChild(BlockJUnit4ClassRunner.java:78)
at org.junit.runners.BlockJUnit4ClassRunner.runChild(BlockJUnit4ClassRunner.java:57)
at org.junit.runners.ParentRunner$3.run(ParentRunner.java:290)
at org.junit.runners.ParentRunner$1.schedule(ParentRunner.java:71)
at org.junit.runners.ParentRunner.runChildren(ParentRunner.java:288)
at org.junit.runners.ParentRunner.access$000(ParentRunner.java:58)
at org.junit.runners.ParentRunner$2.evaluate(ParentRunner.java:268)
at org.junit.runners.ParentRunner.run(ParentRunner.java:363)
at org.junit.runners.Suite.runChild(Suite.java:128)
at org.junit.runners.Suite.runChild(Suite.java:27)
at org.junit.runners.ParentRunner$3.run(ParentRunner.java:290)
at org.junit.runners.ParentRunner$1.schedule(ParentRunner.java:71)
at org.junit.runners.ParentRunner.runChildren(ParentRunner.java:288)
at org.junit.runners.ParentRunner.access$000(ParentRunner.java:58)
at org.junit.runners.ParentRunner$2.evaluate(ParentRunner.java:268)
at org.junit.runners.ParentRunner.run(ParentRunner.java:363)
at org.junit.runner.JUnitCore.run(JUnitCore.java:137)
at org.junit.runner.JUnitCore.run(JUnitCore.java:115)
at android.support.test.internal.runner.TestExecutor.execute(TestExecutor.java:59)
at android.support.test.runner.AndroidJUnitRunner.onStart(AndroidJUnitRunner.java:262)
at android.app.Instrumentation$InstrumentationThread.run(Instrumentation.java:1701)
Caused by: java.lang.IllegalStateException: Could not find a method salvar(View) in the activity class android.support.v7.widget.TintContextWrapper for onClick handler on view class android.support.v7.widget.AppCompatButton with id 'btn_salvar_producao'
at android.view.View$1.onClick(View.java:3810)
at android.view.View.performClick(View.java:4438)
at android.view.View$PerformClick.run(View.java:18422)
at android.os.Handler.handleCallback(Handler.java:733)
at android.os.Handler.dispatchMessage(Handler.java:95)
at android.support.test.espresso.base.UiControllerImpl.loopUntil(UiControllerImpl.java:470)
at android.support.test.espresso.base.UiControllerImpl.loopUntil(UiControllerImpl.java:411)
at android.support.test.espresso.base.UiControllerImpl.injectMotionEvent(UiControllerImpl.java:229)
at android.support.test.espresso.action.MotionEvents.sendUp(MotionEvents.java:138)
at android.support.test.espresso.action.MotionEvents.sendUp(MotionEvents.java:118)
at android.support.test.espresso.action.Tap.sendSingleTap(Tap.java:135)
at android.support.test.espresso.action.Tap.access$100(Tap.java:35)
at android.support.test.espresso.action.Tap$1.sendTap(Tap.java:40)
at android.support.test.espresso.action.GeneralClickAction.perform(GeneralClickAction.java:98)
at android.support.test.espresso.ViewInteraction$1.run(ViewInteraction.java:144)
at java.util.concurrent.Executors$RunnableAdapter.call(Executors.java:422)
at java.util.concurrent.FutureTask.run(FutureTask.java:237)
at android.os.Handler.handleCallback(Handler.java:733)
at android.os.Handler.dispatchMessage(Handler.java:95)
at android.os.Looper.loop(Looper.java:136)
at android.app.ActivityThread.main(ActivityThread.java:5017)
at java.lang.reflect.Method.invokeNative(Native Method)
at java.lang.reflect.Method.invoke(Method.java:515)
at com.android.internal.os.ZygoteInit$MethodAndArgsCaller.run(ZygoteInit.java:779)
at com.android.internal.os.ZygoteInit.main(ZygoteInit.java:595)
at dalvik.system.NativeStart.main(Native Method)
Caused by: java.lang.NoSuchMethodException: salvar [class android.view.View]
at java.lang.Class.getConstructorOrMethod(Class.java:472)
at java.lang.Class.getMethod(Class.java:857)
at android.view.View$1.onClick(View.java:3803)
... 25 more
</pre>
</span>
</div>
</div>
<div id="tab1" class="tab">
<h2>Tests</h2>
<table>
<thead>
<tr>
<th>Test</th>
<th>test(AVD) - 4.4.2</th>
</tr>
</thead>
<tr>
<td>producaoDeLeiteEdicaoTA1</td>
<td class="failures">failed (29.557s)</td>
</tr>
<tr>
<td>producaoDeLeiteEdicaoTA2</td>
<td class="failures">failed (28.830s)</td>
</tr>
<tr>
<td>producaoDeLeiteEdicaoTA3</td>
<td class="failures">failed (29.277s)</td>
</tr>
</table>
</div>
</div>
<div id="footer">
<p>Generated by 
<a href="http://www.gradle.org">Gradle 3.3</a> at Aug 2, 2017 6:58:58 PM</p>
</div>
</div>
</body>