<!DOCTYPE HTML PUBLIC "-//W3C//DTD HTML 4.01//EN" "http://www.w3.org/TR/html4/strict.dtd">
<html>
<head>
<meta http-equiv="Content-Type" content="text/html; charset=utf-8"/>
<title>Test results - Class com.nutricampus.app.acceptance.ProducaoDeLeiteCadastrarAcceptanceTest</title>
<link href="css/base-style.css" rel="stylesheet" type="text/css"/>
<link href="css/style.css" rel="stylesheet" type="text/css"/>
<script src="js/report.js" type="text/javascript"></script>
</head>
<body>
<div id="content">
<h1>Class com.nutricampus.app.acceptance.ProducaoDeLeiteCadastrarAcceptanceTest</h1>
<div class="breadcrumbs">
<a href="index.html">all</a> &gt; 
<a href="com.nutricampus.app.acceptance.html">com.nutricampus.app.acceptance</a> &gt; ProducaoDeLeiteCadastrarAcceptanceTest</div>
<div id="summary">
<table>
<tr>
<td>
<div class="summaryGroup">
<table>
<tr>
<td>
<div class="infoBox" id="tests">
<div class="counter">2</div>
<p>tests</p>
</div>
</td>
<td>
<div class="infoBox" id="failures">
<div class="counter">2</div>
<p>failures</p>
</div>
</td>
<td>
<div class="infoBox" id="duration">
<div class="counter">27.889s</div>
<p>duration</p>
</div>
</td>
</tr>
</table>
</div>
</td>
<td>
<div class="infoBox failures" id="successRate">
<div class="percent">0%</div>
<p>successful</p>
</div>
</td>
</tr>
</table>
</div>
<div id="tabs">
<ul class="tabLinks">
<li>
<a href="#tab0">Failed tests</a>
</li>
<li>
<a href="#tab1">Tests</a>
</li>
</ul>
<div id="tab0" class="tab">
<h2>Failed tests</h2>
<div class="test">
<a name="producaoDeLeiteCadastrarTA1"></a>
<h3 class="failures">producaoDeLeiteCadastrarTA1</h3>
<span class="code">
<pre>android.support.test.espresso.PerformException: Error performing 'long click' on view 'with text: is &quot;animalAdmin UM&quot;'.
at android.support.test.espresso.PerformException$Builder.build(PerformException.java:83)
at android.support.test.espresso.base.DefaultFailureHandler.getUserFriendlyError(DefaultFailureHandler.java:80)
at android.support.test.espresso.base.DefaultFailureHandler.handle(DefaultFailureHandler.java:56)
at android.support.test.espresso.ViewInteraction.runSynchronouslyOnUiThread(ViewInteraction.java:184)
at android.support.test.espresso.ViewInteraction.doPerform(ViewInteraction.java:115)
at android.support.test.espresso.ViewInteraction.perform(ViewInteraction.java:87)
at com.nutricampus.app.acceptance.ProducaoDeLeiteCadastrarAcceptanceTest.producaoDeLeiteCadastrarTA1(ProducaoDeLeiteCadastrarAcceptanceTest.java:175)
at java.lang.reflect.Method.invokeNative(Native Method)
at java.lang.reflect.Method.invoke(Method.java:515)
at org.junit.runners.model.FrameworkMethod$1.runReflectiveCall(FrameworkMethod.java:50)
at org.junit.internal.runners.model.ReflectiveCallable.run(ReflectiveCallable.java:12)
at org.junit.runners.model.FrameworkMethod.invokeExplosively(FrameworkMethod.java:47)
at org.junit.internal.runners.statements.InvokeMethod.evaluate(InvokeMethod.java:17)
at android.support.test.internal.statement.UiThreadStatement.evaluate(UiThreadStatement.java:55)
at android.support.test.rule.ActivityTestRule$ActivityStatement.evaluate(ActivityTestRule.java:270)
at org.junit.rules.RunRules.evaluate(RunRules.java:20)
at org.junit.runners.ParentRunner.runLeaf(ParentRunner.java:325)
at org.junit.runners.BlockJUnit4ClassRunner.runChild(BlockJUnit4ClassRunner.java:78)
at org.junit.runners.BlockJUnit4ClassRunner.runChild(BlockJUnit4ClassRunner.java:57)
at org.junit.runners.ParentRunner$3.run(ParentRunner.java:290)
at org.junit.runners.ParentRunner$1.schedule(ParentRunner.java:71)
at org.junit.runners.ParentRunner.runChildren(ParentRunner.java:288)
at org.junit.runners.ParentRunner.access$000(ParentRunner.java:58)
at org.junit.runners.ParentRunner$2.evaluate(ParentRunner.java:268)
at org.junit.runners.ParentRunner.run(ParentRunner.java:363)
at org.junit.runners.Suite.runChild(Suite.java:128)
at org.junit.runners.Suite.runChild(Suite.java:27)
at org.junit.runners.ParentRunner$3.run(ParentRunner.java:290)
at org.junit.runners.ParentRunner$1.schedule(ParentRunner.java:71)
at org.junit.runners.ParentRunner.runChildren(ParentRunner.java:288)
at org.junit.runners.ParentRunner.access$000(ParentRunner.java:58)
at org.junit.runners.ParentRunner$2.evaluate(ParentRunner.java:268)
at org.junit.runners.ParentRunner.run(ParentRunner.java:363)
at org.junit.runner.JUnitCore.run(JUnitCore.java:137)
at org.junit.runner.JUnitCore.run(JUnitCore.java:115)
at android.support.test.internal.runner.TestExecutor.execute(TestExecutor.java:59)
at android.support.test.runner.AndroidJUnitRunner.onStart(AndroidJUnitRunner.java:262)
at android.app.Instrumentation$InstrumentationThread.run(Instrumentation.java:1701)
Caused by: java.lang.RuntimeException: Action will not be performed because the target view does not match one or more of the following constraints:
at least 90 percent of the view's area is displayed to the user.
Target view: &quot;AppCompatTextView{id=2131689749, res-name=lista_animal_nome, visibility=VISIBLE, width=504, height=56, has-focus=false, has-focusable=false, has-window-focus=true, is-clickable=false, is-enabled=true, is-focused=false, is-focusable=false, is-layout-requested=false, is-selected=false, root-is-layout-requested=false, has-input-connection=false, x=0.0, y=0.0, text=animalAdmin UM, input-type=0, ime-target=false, has-links=false}&quot;
at android.support.test.espresso.ViewInteraction$1.run(ViewInteraction.java:138)
at java.util.concurrent.Executors$RunnableAdapter.call(Executors.java:422)
at java.util.concurrent.FutureTask.run(FutureTask.java:237)
at android.os.Handler.handleCallback(Handler.java:733)
at android.os.Handler.dispatchMessage(Handler.java:95)
at android.os.Looper.loop(Looper.java:136)
at android.app.ActivityThread.main(ActivityThread.java:5017)
at java.lang.reflect.Method.invokeNative(Native Method)
at java.lang.reflect.Method.invoke(Method.java:515)
at com.android.internal.os.ZygoteInit$MethodAndArgsCaller.run(ZygoteInit.java:779)
at com.android.internal.os.ZygoteInit.main(ZygoteInit.java:595)
at dalvik.system.NativeStart.main(Native Method)
</pre>
</span>
</div>
<div class="test">
<a name="producaoDeLeiteCadastrarTA2"></a>
<h3 class="failures">producaoDeLeiteCadastrarTA2</h3>
<span class="code">
<pre>android.support.test.espresso.PerformException: Error performing 'long click' on view 'with text: is &quot;animalAdmin UM&quot;'.
at android.support.test.espresso.PerformException$Builder.build(PerformException.java:83)
at android.support.test.espresso.base.DefaultFailureHandler.getUserFriendlyError(DefaultFailureHandler.java:80)
at android.support.test.espresso.base.DefaultFailureHandler.handle(DefaultFailureHandler.java:56)
at android.support.test.espresso.ViewInteraction.runSynchronouslyOnUiThread(ViewInteraction.java:184)
at android.support.test.espresso.ViewInteraction.doPerform(ViewInteraction.java:115)
at android.support.test.espresso.ViewInteraction.perform(ViewInteraction.java:87)
at com.nutricampus.app.acceptance.ProducaoDeLeiteCadastrarAcceptanceTest.producaoDeLeiteCadastrarTA2(ProducaoDeLeiteCadastrarAcceptanceTest.java:332)
at java.lang.reflect.Method.invokeNative(Native Method)
at java.lang.reflect.Method.invoke(Method.java:515)
at org.junit.runners.model.FrameworkMethod$1.runReflectiveCall(FrameworkMethod.java:50)
at org.junit.internal.runners.model.ReflectiveCallable.run(ReflectiveCallable.java:12)
at org.junit.runners.model.FrameworkMethod.invokeExplosively(FrameworkMethod.java:47)
at org.junit.internal.runners.statements.InvokeMethod.evaluate(InvokeMethod.java:17)
at android.support.test.internal.statement.UiThreadStatement.evaluate(UiThreadStatement.java:55)
at android.support.test.rule.ActivityTestRule$ActivityStatement.evaluate(ActivityTestRule.java:270)
at org.junit.rules.RunRules.evaluate(RunRules.java:20)
at org.junit.runners.ParentRunner.runLeaf(ParentRunner.java:325)
at org.junit.runners.BlockJUnit4ClassRunner.runChild(BlockJUnit4ClassRunner.java:78)
at org.junit.runners.BlockJUnit4ClassRunner.runChild(BlockJUnit4ClassRunner.java:57)
at org.junit.runners.ParentRunner$3.run(ParentRunner.java:290)
at org.junit.runners.ParentRunner$1.schedule(ParentRunner.java:71)
at org.junit.runners.ParentRunner.runChildren(ParentRunner.java:288)
at org.junit.runners.ParentRunner.access$000(ParentRunner.java:58)
at org.junit.runners.ParentRunner$2.evaluate(ParentRunner.java:268)
at org.junit.runners.ParentRunner.run(ParentRunner.java:363)
at org.junit.runners.Suite.runChild(Suite.java:128)
at org.junit.runners.Suite.runChild(Suite.java:27)
at org.junit.runners.ParentRunner$3.run(ParentRunner.java:290)
at org.junit.runners.ParentRunner$1.schedule(ParentRunner.java:71)
at org.junit.runners.ParentRunner.runChildren(ParentRunner.java:288)
at org.junit.runners.ParentRunner.access$000(ParentRunner.java:58)
at org.junit.runners.ParentRunner$2.evaluate(ParentRunner.java:268)
at org.junit.runners.ParentRunner.run(ParentRunner.java:363)
at org.junit.runner.JUnitCore.run(JUnitCore.java:137)
at org.junit.runner.JUnitCore.run(JUnitCore.java:115)
at android.support.test.internal.runner.TestExecutor.execute(TestExecutor.java:59)
at android.support.test.runner.AndroidJUnitRunner.onStart(AndroidJUnitRunner.java:262)
at android.app.Instrumentation$InstrumentationThread.run(Instrumentation.java:1701)
Caused by: java.lang.RuntimeException: Action will not be performed because the target view does not match one or more of the following constraints:
at least 90 percent of the view's area is displayed to the user.
Target view: &quot;AppCompatTextView{id=2131689749, res-name=lista_animal_nome, visibility=VISIBLE, width=504, height=56, has-focus=false, has-focusable=false, has-window-focus=true, is-clickable=false, is-enabled=true, is-focused=false, is-focusable=false, is-layout-requested=false, is-selected=false, root-is-layout-requested=false, has-input-connection=false, x=0.0, y=0.0, text=animalAdmin UM, input-type=0, ime-target=false, has-links=false}&quot;
at android.support.test.espresso.ViewInteraction$1.run(ViewInteraction.java:138)
at java.util.concurrent.Executors$RunnableAdapter.call(Executors.java:422)
at java.util.concurrent.FutureTask.run(FutureTask.java:237)
at android.os.Handler.handleCallback(Handler.java:733)
at android.os.Handler.dispatchMessage(Handler.java:95)
at android.os.Looper.loop(Looper.java:136)
at android.app.ActivityThread.main(ActivityThread.java:5017)
at java.lang.reflect.Method.invokeNative(Native Method)
at java.lang.reflect.Method.invoke(Method.java:515)
at com.android.internal.os.ZygoteInit$MethodAndArgsCaller.run(ZygoteInit.java:779)
at com.android.internal.os.ZygoteInit.main(ZygoteInit.java:595)
at dalvik.system.NativeStart.main(Native Method)
</pre>
</span>
</div>
</div>
<div id="tab1" class="tab">
<h2>Tests</h2>
<table>
<thead>
<tr>
<th>Test</th>
<th>test(AVD) - 4.4.2</th>
</tr>
</thead>
<tr>
<td>producaoDeLeiteCadastrarTA1</td>
<td class="failures">failed (13.809s)</td>
</tr>
<tr>
<td>producaoDeLeiteCadastrarTA2</td>
<td class="failures">failed (14.080s)</td>
</tr>
</table>
</div>
</div>
<div id="footer">
<p>Generated by 
<a href="http://www.gradle.org">Gradle 3.3</a> at Jul 25, 2017 10:36:57 PM</p>
</div>
</div>
</body>